Build started 7.6.2012 2:48:21.
     1>Project "D:\random_hacks\world_generator\civilizations\civilizations\civilizations.vcxproj" on node 2 (build target(s)).
     1>InitializeBuildStatus:
         Touching "Debug\civilizations.unsuccessfulbuild".
       ClCompile:
         C:\Program Files (x86)\Microsoft Visual Studio 10.0\VC\bin\CL.exe /c /ZI /nologo /W3 /WX- /Od /Oy- /D WIN32 /D _DEBUG /D _CONSOLE /D _UNICODE /D UNICODE /Gm /EHsc /RTC1 /MDd /GS /fp:precise /Zc:wchar_t /Zc:forScope /Fo"Debug\\" /Fd"Debug\vc100.pdb" /Gd /TP /analyze- /errorReport:prompt ..\region.cpp ..\toolbox.cpp
         toolbox.cpp
     1>d:\random_hacks\world_generator\civilizations\toolbox.cpp(19): warning C4244: 'argument' : conversion from 'time_t' to 'unsigned int', possible loss of data
     1>d:\random_hacks\world_generator\civilizations\toolbox.cpp(77): warning C4244: '=' : conversion from 'double' to 'Uint8', possible loss of data
     1>d:\random_hacks\world_generator\civilizations\toolbox.cpp(78): warning C4244: '=' : conversion from 'double' to 'Uint8', possible loss of data
     1>d:\random_hacks\world_generator\civilizations\toolbox.cpp(79): warning C4244: '=' : conversion from 'double' to 'Uint8', possible loss of data
     1>d:\random_hacks\world_generator\civilizations\toolbox.cpp(131): warning C4018: '<' : signed/unsigned mismatch
     1>d:\random_hacks\world_generator\civilizations\toolbox.cpp(156): warning C4018: '<' : signed/unsigned mismatch
     1>d:\random_hacks\world_generator\civilizations\toolbox.cpp(163): warning C4018: '<' : signed/unsigned mismatch
     1>d:\random_hacks\world_generator\civilizations\toolbox.cpp(171): warning C4018: '<' : signed/unsigned mismatch
     1>d:\random_hacks\world_generator\civilizations\toolbox.cpp(253): warning C4018: '<' : signed/unsigned mismatch
     1>d:\random_hacks\world_generator\civilizations\toolbox.cpp(256): warning C4018: '<' : signed/unsigned mismatch
     1>d:\random_hacks\world_generator\civilizations\toolbox.cpp(267): warning C4018: '<' : signed/unsigned mismatch
     1>d:\random_hacks\world_generator\civilizations\toolbox.cpp(269): warning C4018: '<' : signed/unsigned mismatch
     1>d:\random_hacks\world_generator\civilizations\toolbox.cpp(279): warning C4018: '<' : signed/unsigned mismatch
     1>d:\random_hacks\world_generator\civilizations\toolbox.cpp(281): warning C4018: '<' : signed/unsigned mismatch
     1>d:\random_hacks\world_generator\civilizations\toolbox.cpp(293): warning C4018: '<' : signed/unsigned mismatch
     1>d:\random_hacks\world_generator\civilizations\toolbox.cpp(299): warning C4018: '<' : signed/unsigned mismatch
     1>d:\random_hacks\world_generator\civilizations\toolbox.cpp(301): warning C4018: '<' : signed/unsigned mismatch
         region.cpp
         Generating Code...
       ManifestResourceCompile:
         All outputs are up-to-date.
       Link:
         C:\Program Files (x86)\Microsoft Visual Studio 10.0\VC\bin\link.exe /ERRORREPORT:PROMPT /OUT:"D:\random_hacks\world_generator\civilizations\Debug\civilizations.exe" /INCREMENTAL /NOLOGO kernel32.lib user32.lib gdi32.lib winspool.lib comdlg32.lib advapi32.lib shell32.lib ole32.lib oleaut32.lib uuid.lib odbc32.lib odbccp32.lib /MANIFEST /ManifestFile:"Debug\civilizations.exe.intermediate.manifest" /MANIFESTUAC:"level='asInvoker' uiAccess='false'" /DEBUG /PDB:"D:\random_hacks\world_generator\civilizations\Debug\civilizations.pdb" /SUBSYSTEM:CONSOLE /TLBID:1 /DYNAMICBASE /NXCOMPAT /IMPLIB:"D:\random_hacks\world_generator\civilizations\Debug\civilizations.lib" /MACHINE:X86 Debug\civilizations.exe.embed.manifest.res
         Debug\civilization.obj
         Debug\creature.obj
         Debug\flora.obj
         Debug\goblin.obj
         Debug\historicalEvent.obj
         Debug\house.obj
         Debug\human.obj
         Debug\main.obj
         Debug\region.obj
         Debug\toolbox.obj
         Debug\world.obj
     1>region.obj : error LNK2019: unresolved external symbol "public: class std::_Vector_iterator<class std::_Vector_val<class std::tr1::shared_ptr<class Creature>,class std::allocator<class std::tr1::shared_ptr<class Creature> > > > __thiscall Toolbox::searchElementFromVector<class std::tr1::shared_ptr<class Creature> >(class std::vector<class std::tr1::shared_ptr<class Creature>,class std::allocator<class std::tr1::shared_ptr<class Creature> > >,class std::tr1::shared_ptr<class Creature>)" (??$searchElementFromVector@V?$shared_ptr@VCreature@@@tr1@std@@@Toolbox@@QAE?AV?$_Vector_iterator@V?$_Vector_val@V?$shared_ptr@VCreature@@@tr1@std@@V?$allocator@V?$shared_ptr@VCreature@@@tr1@std@@@3@@std@@@std@@V?$vector@V?$shared_ptr@VCreature@@@tr1@std@@V?$allocator@V?$shared_ptr@VCreature@@@tr1@std@@@3@@2@V?$shared_ptr@VCreature@@@tr1@2@@Z) referenced in function "public: void __thiscall Region::addFauna(class std::tr1::shared_ptr<class Creature>)" (?addFauna@Region@@QAEXV?$shared_ptr@VCreature@@@tr1@std@@@Z)
     1>D:\random_hacks\world_generator\civilizations\Debug\civilizations.exe : fatal error LNK1120: 1 unresolved externals
     1>Done Building Project "D:\random_hacks\world_generator\civilizations\civilizations\civilizations.vcxproj" (build target(s)) -- FAILED.

Build FAILED.

Time Elapsed 00:00:02.10
